<?xml version="1.0" encoding="UTF-8"?>
<robot generator="Robot 4.0.3 (Python 3.7.5 on win32)" generated="20210602 15:03:12.371" rpa="false" schemaversion="2">
<suite id="s1" name="testWeb" source="C:\Users\Randy\Desktop\UnitTest_Web\testWeb.robot">
<test id="s1-t1" name="open_wiki_page">
<kw name="Open Browser" library="Selenium2Library">
<arg>https://zh.wikipedia.org/wiki/WikiChrome</arg>
<doc>Opens a new browser instance to the optional ``url``.</doc>
<msg timestamp="20210602 15:03:12.534" level="INFO">Opening browser 'firefox' to base url 'https://zh.wikipedia.org/wiki/WikiChrome'.</msg>
<msg timestamp="20210602 15:03:12.536" level="INFO">Firefox driver log is always forced to to: C:\Users\Randy\Desktop\UnitTest_Web\geckodriver-4.log</msg>
<kw name="Capture Page Screenshot" library="Selenium2Library">
<doc>Takes a screenshot of the current page and embeds it into a log file.</doc>
<msg timestamp="20210602 15:03:12.541" level="INFO">Cannot capture screenshot because no browser is open.</msg>
<status status="PASS" starttime="20210602 15:03:12.540" endtime="20210602 15:03:12.541"/>
</kw>
<msg timestamp="20210602 15:03:12.543" level="FAIL">WebDriverException: Message: 'geckodriver' executable needs to be in PATH. 
</msg>
<status status="FAIL" starttime="20210602 15:03:12.534" endtime="20210602 15:03:12.543"/>
</kw>
<status status="FAIL" starttime="20210602 15:03:12.533" endtime="20210602 15:03:12.544">WebDriverException: Message: 'geckodriver' executable needs to be in PATH. 
</status>
</test>
<status status="FAIL" starttime="20210602 15:03:12.373" endtime="20210602 15:03:12.546"/>
</suite>
<statistics>
<total>
<stat pass="0" fail="1" skip="0">All Tests</stat>
</total>
<tag>
</tag>
<suite>
<stat pass="0" fail="1" skip="0" id="s1" name="testWeb">testWeb</stat>
</suite>
</statistics>
<errors>
</errors>
</robot>
